<?xml version="1.0" encoding="UTF-8"?>
<testsuite name="TestRunner.EmployeeTestRunner" tests="2" skipped="0" failures="0" errors="0" timestamp="2022-12-29T00:06:14" hostname="DESKTOP-6G0HKUV" time="8.849">
  <properties/>
  <testcase name="EmployementPage" classname="TestRunner.EmployeeTestRunner" time="3.548"/>
  <testcase name="createEmployee" classname="TestRunner.EmployeeTestRunner" time="5.299"/>
  <system-out><![CDATA[Saved Data
]]></system-out>
  <system-err><![CDATA[]]></system-err>
</testsuite>
