<?xml version="1.0" encoding="UTF-8"?>
<testsuite name="TestRunner.LoginTestRunner" tests="6" skipped="0" failures="0" errors="0" timestamp="2022-12-29T00:05:40" hostname="DESKTOP-6G0HKUV" time="23.526">
  <properties/>
  <testcase name="doLoginWithWrongData" classname="TestRunner.LoginTestRunner" time="8.396"/>
  <testcase name="doLogin" classname="TestRunner.LoginTestRunner" time="1.477"/>
  <testcase name="checkProfile_ImgExist" classname="TestRunner.LoginTestRunner" time="0.459"/>
  <testcase name="EmployementPage" classname="TestRunner.LoginTestRunner" time="1.203"/>
  <testcase name="selectEmployementStatus" classname="TestRunner.LoginTestRunner" time="8.798"/>
  <testcase name="listEmployee" classname="TestRunner.LoginTestRunner" time="3.173"/>
  <system-out><![CDATA[]]></system-out>
  <system-err><![CDATA[]]></system-err>
</testsuite>
